<?xml version="1.0" encoding="UTF-8"?>
<!-- Generated by org.testng.reporters.JUnitReportReporter -->
<testsuite skipped="0" hostname="ACC" name="Demo.Sample" tests="1" failures="0" timestamp="02 Mar 2020 08:42:28 GMT" time="16.167" errors="0">
  <testcase name="demo" time="16.167" classname="Demo.Sample"/>
</testsuite> <!-- Demo.Sample -->
